\BOOKMARK [1][-]{section.1}{\376\377\000I\000n\000t\000r\000o\000d\000u\000c\000t\000i\000o\000n}{}% 1
\BOOKMARK [1][-]{section.2}{\376\377\000S\000i\000m\000u\000l\000a\000t\000i\000o\000n\000\040\000a\000n\000d\000\040\000V\000e\000r\000i\000f\000i\000c\000a\000t\000i\000o\000n\000\040\000M\000e\000t\000h\000o\000d\000o\000l\000o\000g\000y}{}% 2
\BOOKMARK [1][-]{section.3}{\376\377\000P\000r\000o\000b\000l\000e\000m\000\040\0002\000.\0006\000.\0001\0002\000\040\040\024\000\040\000U\000p\000p\000e\000r\000\040\000a\000n\000d\000\040\000L\000o\000w\000e\000r\000\040\000O\000u\000t\000p\000u\000t\000\040\000L\000i\000m\000i\000t\000e\000r}{}% 3
\BOOKMARK [2][-]{subsection.3.1}{\376\377\000P\000r\000o\000b\000l\000e\000m\000\040\000S\000t\000a\000t\000e\000m\000e\000n\000t}{section.3}% 4
\BOOKMARK [2][-]{subsection.3.2}{\376\377\000D\000e\000s\000i\000g\000n\000\040\000D\000e\000s\000c\000r\000i\000p\000t\000i\000o\000n}{section.3}% 5
\BOOKMARK [2][-]{subsection.3.3}{\376\377\000S\000o\000u\000r\000c\000e\000\040\000C\000o\000d\000e}{section.3}% 6
\BOOKMARK [2][-]{subsection.3.4}{\376\377\000T\000e\000s\000t\000b\000e\000n\000c\000h\000\040\000D\000e\000s\000i\000g\000n}{section.3}% 7
\BOOKMARK [2][-]{subsection.3.5}{\376\377\000S\000i\000m\000u\000l\000a\000t\000i\000o\000n\000\040\000W\000a\000v\000e\000f\000o\000r\000m}{section.3}% 8
\BOOKMARK [2][-]{subsection.3.6}{\376\377\000R\000e\000s\000u\000l\000t\000s\000\040\000a\000n\000d\000\040\000D\000i\000s\000c\000u\000s\000s\000i\000o\000n}{section.3}% 9
\BOOKMARK [1][-]{section.4}{\376\377\000P\000r\000o\000b\000l\000e\000m\000\040\0003\000.\0005\000.\0001\0001\000\040\040\024\000\040\000S\000e\000q\000u\000e\000n\000t\000i\000a\000l\000\040\000P\000a\000l\000i\000n\000d\000r\000o\000m\000e\000\040\000C\000h\000e\000c\000k\000e\000r}{}% 10
\BOOKMARK [2][-]{subsection.4.1}{\376\377\000P\000r\000o\000b\000l\000e\000m\000\040\000S\000t\000a\000t\000e\000m\000e\000n\000t}{section.4}% 11
\BOOKMARK [2][-]{subsection.4.2}{\376\377\000D\000e\000s\000i\000g\000n\000\040\000D\000e\000s\000c\000r\000i\000p\000t\000i\000o\000n}{section.4}% 12
\BOOKMARK [2][-]{subsection.4.3}{\376\377\000S\000o\000u\000r\000c\000e\000\040\000C\000o\000d\000e}{section.4}% 13
\BOOKMARK [2][-]{subsection.4.4}{\376\377\000T\000e\000s\000t\000b\000e\000n\000c\000h\000\040\000D\000e\000s\000i\000g\000n}{section.4}% 14
\BOOKMARK [2][-]{subsection.4.5}{\376\377\000S\000i\000m\000u\000l\000a\000t\000i\000o\000n\000\040\000W\000a\000v\000e\000f\000o\000r\000m}{section.4}% 15
\BOOKMARK [2][-]{subsection.4.6}{\376\377\000R\000e\000s\000u\000l\000t\000s\000\040\000a\000n\000d\000\040\000D\000i\000s\000c\000u\000s\000s\000i\000o\000n}{section.4}% 16
\BOOKMARK [1][-]{section.5}{\376\377\000P\000r\000o\000b\000l\000e\000m\000\040\0007\000.\0005\000.\0003\000\040\040\024\000\040\000A\000c\000c\000u\000m\000u\000l\000a\000t\000o\000r\000\040\000I\000P\000\040\000a\000n\000d\000\040\000T\000e\000s\000t\000b\000e\000n\000c\000h}{}% 17
\BOOKMARK [2][-]{subsection.5.1}{\376\377\000P\000r\000o\000b\000l\000e\000m\000\040\000S\000t\000a\000t\000e\000m\000e\000n\000t}{section.5}% 18
\BOOKMARK [2][-]{subsection.5.2}{\376\377\000D\000e\000s\000i\000g\000n\000\040\000D\000e\000s\000c\000r\000i\000p\000t\000i\000o\000n}{section.5}% 19
\BOOKMARK [2][-]{subsection.5.3}{\376\377\000S\000o\000u\000r\000c\000e\000\040\000C\000o\000d\000e}{section.5}% 20
\BOOKMARK [2][-]{subsection.5.4}{\376\377\000T\000e\000s\000t\000b\000e\000n\000c\000h\000\040\000D\000e\000s\000i\000g\000n}{section.5}% 21
\BOOKMARK [2][-]{subsection.5.5}{\376\377\000S\000i\000m\000u\000l\000a\000t\000i\000o\000n\000\040\000W\000a\000v\000e\000f\000o\000r\000m}{section.5}% 22
\BOOKMARK [2][-]{subsection.5.6}{\376\377\000R\000e\000s\000u\000l\000t\000s\000\040\000a\000n\000d\000\040\000D\000i\000s\000c\000u\000s\000s\000i\000o\000n}{section.5}% 23
\BOOKMARK [2][-]{subsection.5.7}{\376\377\000I\000P\000\040\000P\000o\000r\000t\000a\000b\000i\000l\000i\000t\000y\000\040\000N\000o\000t\000e}{section.5}% 24
\BOOKMARK [1][-]{section.6}{\376\377\000C\000o\000n\000c\000l\000u\000s\000i\000o\000n}{}% 25
